app/build/outputs/logs/manifest-merger-debug-report.txt
-- Merging decision tree log ---
manifest
ADDED from src\main\AndroidManifest.xml:2:1-53:12
	package
		ADDED from src\main\AndroidManifest.xml:3:5-28
		INJECTED from src\main\AndroidManifest.xml
		INJECTED from src\main\AndroidManifest.xml
	android:versionName
		ADDED from src\main\AndroidManifest.xml:5:5-30
		INJECTED from src\main\AndroidManifest.xml
		INJECTED from src\main\AndroidManifest.xml
	android:versionCode
		ADDED from src\main\AndroidManifest.xml:4:5-28
		INJECTED from src\main\AndroidManifest.xml
		INJECTED from src\main\AndroidManifest.xml
	xmlns:android
		ADDED from src\main\AndroidManifest.xml:2:11-69
uses-sdk
ADDED from src\main\AndroidManifest.xml:7:5-9:41
	android:targetSdkVersion
		ADDED from src\main\AndroidManifest.xml:9:9-38
		INJECTED from src\main\AndroidManifest.xml
		INJECTED from src\main\AndroidManifest.xml
	android:minSdkVersion
		ADDED from src\main\AndroidManifest.xml:8:9-35
		INJECTED from src\main\AndroidManifest.xml
		INJECTED from src\main\AndroidManifest.xml
application
ADDED from src\main\AndroidManifest.xml:11:5-50:19
	android:label
		ADDED from src\main\AndroidManifest.xml:14:9-41
	android:allowBackup
		ADDED from src\main\AndroidManifest.xml:12:9-35
	android:icon
		ADDED from src\main\AndroidManifest.xml:13:9-45
	android:theme
		ADDED from src\main\AndroidManifest.xml:15:9-40
activity#edu.jju.test3.MainActivity
ADDED from src\main\AndroidManifest.xml:16:9-24:20
	android:label
		ADDED from src\main\AndroidManifest.xml:18:13-45
	android:name
		ADDED from src\main\AndroidManifest.xml:17:13-54
intent-filter#android.intent.action.MAIN+android.intent.category.LAUNCHER
ADDED from src\main\AndroidManifest.xml:19:13-23:29
action#android.intent.action.MAIN
ADDED from src\main\AndroidManifest.xml:20:17-69
	android:name
		ADDED from src\main\AndroidManifest.xml:20:25-66
category#android.intent.category.LAUNCHER
ADDED from src\main\AndroidManifest.xml:22:17-77
	android:name
		ADDED from src\main\AndroidManifest.xml:22:27-74
activity#edu.jju.test3.LifeActivity
ADDED from src\main\AndroidManifest.xml:25:9-26:66
	android:name
		ADDED from src\main\AndroidManifest.xml:26:13-54
activity#edu.jju.test3.PicActivity
ADDED from src\main\AndroidManifest.xml:27:9-28:65
	android:name
		ADDED from src\main\AndroidManifest.xml:28:13-53
activity#edu.jju.test3.YouwanActivity
ADDED from src\main\AndroidManifest.xml:29:9-30:68
	android:name
		ADDED from src\main\AndroidManifest.xml:30:13-56
activity#edu.jju.test3.IntrodActivity
ADDED from src\main\AndroidManifest.xml:31:9-32:68
	android:name
		ADDED from src\main\AndroidManifest.xml:32:13-56
activity#edu.jju.test3.TelphoneActivity
ADDED from src\main\AndroidManifest.xml:33:9-34:70
	android:name
		ADDED from src\main\AndroidManifest.xml:34:13-58
activity#edu.jju.test3.ChuxinActivity
ADDED from src\main\AndroidManifest.xml:35:10-36:68
	android:name
		ADDED from src\main\AndroidManifest.xml:36:13-56
activity#edu.jju.test3.XinshengzhinanActivity
ADDED from src\main\AndroidManifest.xml:37:5-38:76
	android:name
		ADDED from src\main\AndroidManifest.xml:38:13-64
activity#edu.jju.test3.XinshengitemActivity
ADDED from src\main\AndroidManifest.xml:39:6-40:74
	android:name
		ADDED from src\main\AndroidManifest.xml:40:13-62
activity#edu.jju.test3.CampViewActivity
ADDED from src\main\AndroidManifest.xml:41:5-42:70
	android:name
		ADDED from src\main\AndroidManifest.xml:42:13-58
activity#edu.jju.test3.SuosuoActivity
ADDED from src\main\AndroidManifest.xml:43:5-44:68
	android:name
		ADDED from src\main\AndroidManifest.xml:44:13-56
activity#edu.jju.test3.bai.BaseMapDemo
ADDED from src\main\AndroidManifest.xml:46:9-48:20
	android:name
		ADDED from src\main\AndroidManifest.xml:46:19-50
uses-permission#android.permission.SET_WALLPAPER
ADDED from src\main\AndroidManifest.xml:52:1-67
	android:name
		ADDED from src\main\AndroidManifest.xml:52:18-65